<?xml version="1.0" encoding="UTF-8"?>
<!-- Generated by org.testng.reporters.JUnitReportReporter -->
<testsuite skipped="0" hostname="GGKU5DELL1111" name="com.datasources.DataSourceCreationTestCases" tests="1" failures="0" timestamp="30 Apr 2019 10:43:08 GMT" time="20.785" errors="0">
  <testcase name="createSqlServerDatasource" time="20.785" classname="com.datasources.DataSourceCreationTestCases"/>
</testsuite> <!-- com.datasources.DataSourceCreationTestCases -->
