<?xml version="1.0" encoding="UTF-8"?>
<!-- Generated by org.testng.reporters.JUnitReportReporter -->
<testsuite skipped="0" hostname="GGKU5DELL1111" name="com.datasources.DataSourceCreationTestCases" tests="1" failures="0" timestamp="24 Apr 2019 12:27:30 GMT" time="20.619" errors="0">
  <testcase name="createSqlServerDatasource" time="20.619" classname="com.datasources.DataSourceCreationTestCases"/>
</testsuite> <!-- com.datasources.DataSourceCreationTestCases -->
